2009-06-24 20:23:59 Notice: Notice (1024): Please change the value of 'Security.salt' in app/config/core.php to a salt value specific to your application in [CORE/cake/libs/debugger.php, line 557]
2009-06-24 22:28:31 Notice: Notice (8): Undefined offset:  0 in [CORE/cake/libs/view/scaffolds/view.ctp, line 123]
2009-06-25 11:33:03 Notice: Notice (8): Undefined property: EncabezadosController::$Detalle in [APP/controllers/encabezados_controller.php, line 18]
2009-06-25 11:46:12 Notice: Notice (8): Undefined property: EncabezadosController::$Detalle in [APP/controllers/encabezados_controller.php, line 18]
2009-06-25 11:54:09 Notice: Notice (8): Undefined variable: IntCosto in [APP/views/encabezados/view.ctp, line 59]
2009-06-25 11:54:09 Notice: Notice (8): Undefined variable: IntCosto in [APP/views/encabezados/view.ctp, line 67]
2009-06-25 11:55:22 Notice: Notice (8): Undefined variable: IntCosto in [APP/views/encabezados/view.ctp, line 59]
2009-06-25 14:16:22 Notice: Notice (8): Use of undefined constant Detalle - assumed 'Detalle' in [APP/controllers/detalles_controller.php, line 45]
2009-06-25 18:38:16 Notice: Notice (8): Use of undefined constant productos - assumed 'productos' in [APP/views/productos/index.ctp, line 72]
2009-06-25 20:05:46 Notice: Notice (8): Use of undefined constant all - assumed 'all' in [APP/controllers/detalles_controller.php, line 25]
2009-06-25 20:05:46 Notice: Notice (8): Undefined index:  Detalle in [APP/views/detalles/existencia.ctp, line 9]
2009-06-25 20:05:46 Notice: Notice (8): Undefined index:  Encabezado in [APP/views/detalles/existencia.ctp, line 14]
2009-06-25 20:05:46 Notice: Notice (8): Undefined index:  Producto in [APP/views/detalles/existencia.ctp, line 19]
2009-06-25 20:05:46 Notice: Notice (8): Undefined index:  Detalle in [APP/views/detalles/existencia.ctp, line 24]
2009-06-25 20:05:46 Notice: Notice (8): Undefined index:  Detalle in [APP/views/detalles/existencia.ctp, line 29]
2009-06-25 20:05:46 Notice: Notice (8): Undefined index:  Detalle in [APP/views/detalles/existencia.ctp, line 36]
2009-06-25 20:05:46 Notice: Notice (8): Undefined index:  Detalle in [APP/views/detalles/existencia.ctp, line 37]
2009-06-25 20:05:46 Notice: Notice (8): Use of undefined constant all - assumed 'all' in [APP/controllers/detalles_controller.php, line 25]
2009-06-25 20:05:46 Notice: Notice (8): Undefined index:  Detalle in [APP/views/detalles/existencia.ctp, line 9]
2009-06-25 20:05:46 Notice: Notice (8): Undefined index:  Encabezado in [APP/views/detalles/existencia.ctp, line 14]
2009-06-25 20:05:46 Notice: Notice (8): Undefined index:  Producto in [APP/views/detalles/existencia.ctp, line 19]
2009-06-25 20:05:46 Notice: Notice (8): Undefined index:  Detalle in [APP/views/detalles/existencia.ctp, line 24]
2009-06-25 20:05:46 Notice: Notice (8): Undefined index:  Detalle in [APP/views/detalles/existencia.ctp, line 29]
2009-06-25 20:05:46 Notice: Notice (8): Undefined index:  Detalle in [APP/views/detalles/existencia.ctp, line 36]
2009-06-25 20:05:46 Notice: Notice (8): Undefined index:  Detalle in [APP/views/detalles/existencia.ctp, line 37]
2009-06-25 20:06:03 Notice: Notice (8): Use of undefined constant all - assumed 'all' in [APP/controllers/detalles_controller.php, line 25]
2009-06-25 20:06:03 Notice: Notice (8): Undefined index:  Detalle in [APP/views/detalles/existencia.ctp, line 9]
2009-06-25 20:06:03 Notice: Notice (8): Undefined index:  Encabezado in [APP/views/detalles/existencia.ctp, line 14]
2009-06-25 20:06:03 Notice: Notice (8): Undefined index:  Producto in [APP/views/detalles/existencia.ctp, line 19]
2009-06-25 20:06:03 Notice: Notice (8): Undefined index:  Detalle in [APP/views/detalles/existencia.ctp, line 24]
2009-06-25 20:06:03 Notice: Notice (8): Undefined index:  Detalle in [APP/views/detalles/existencia.ctp, line 29]
2009-06-25 20:06:03 Notice: Notice (8): Undefined index:  Detalle in [APP/views/detalles/existencia.ctp, line 36]
2009-06-25 20:06:03 Notice: Notice (8): Undefined index:  Detalle in [APP/views/detalles/existencia.ctp, line 37]
2009-06-25 20:08:40 Notice: Notice (8): Use of undefined constant all - assumed 'all' in [APP/controllers/detalles_controller.php, line 25]
2009-06-25 20:08:40 Notice: Notice (8): Undefined index:  Detalle in [APP/views/detalles/existencia.ctp, line 9]
2009-06-25 20:08:40 Notice: Notice (8): Undefined index:  Encabezado in [APP/views/detalles/existencia.ctp, line 14]
2009-06-25 20:08:40 Notice: Notice (8): Undefined index:  Producto in [APP/views/detalles/existencia.ctp, line 19]
2009-06-25 20:08:40 Notice: Notice (8): Undefined index:  Detalle in [APP/views/detalles/existencia.ctp, line 24]
2009-06-25 20:08:40 Notice: Notice (8): Undefined index:  Detalle in [APP/views/detalles/existencia.ctp, line 29]
2009-06-25 20:08:40 Notice: Notice (8): Undefined index:  Detalle in [APP/views/detalles/existencia.ctp, line 36]
2009-06-25 20:08:40 Notice: Notice (8): Undefined index:  Detalle in [APP/views/detalles/existencia.ctp, line 37]
2009-06-25 20:09:18 Notice: Notice (8): Undefined index:  Detalle in [APP/views/detalles/existencia.ctp, line 9]
2009-06-25 20:09:18 Notice: Notice (8): Undefined index:  Encabezado in [APP/views/detalles/existencia.ctp, line 14]
2009-06-25 20:09:18 Notice: Notice (8): Undefined index:  Producto in [APP/views/detalles/existencia.ctp, line 19]
2009-06-25 20:09:18 Notice: Notice (8): Undefined index:  Detalle in [APP/views/detalles/existencia.ctp, line 24]
2009-06-25 20:09:18 Notice: Notice (8): Undefined index:  Detalle in [APP/views/detalles/existencia.ctp, line 29]
2009-06-25 20:09:18 Notice: Notice (8): Undefined index:  Detalle in [APP/views/detalles/existencia.ctp, line 36]
2009-06-25 20:09:18 Notice: Notice (8): Undefined index:  Detalle in [APP/views/detalles/existencia.ctp, line 37]
2009-06-25 20:10:11 Notice: Notice (8): Undefined index:  Detalle in [APP/views/detalles/existencia.ctp, line 9]
2009-06-25 20:10:11 Notice: Notice (8): Undefined index:  Encabezado in [APP/views/detalles/existencia.ctp, line 14]
2009-06-25 20:10:11 Notice: Notice (8): Undefined index:  Producto in [APP/views/detalles/existencia.ctp, line 19]
2009-06-25 20:10:11 Notice: Notice (8): Undefined index:  Detalle in [APP/views/detalles/existencia.ctp, line 24]
2009-06-25 20:10:11 Notice: Notice (8): Undefined index:  Detalle in [APP/views/detalles/existencia.ctp, line 29]
2009-06-25 20:10:11 Notice: Notice (8): Undefined index:  Detalle in [APP/views/detalles/existencia.ctp, line 36]
2009-06-25 20:10:11 Notice: Notice (8): Undefined index:  Detalle in [APP/views/detalles/existencia.ctp, line 37]
2009-06-25 20:10:49 Notice: Notice (8): Undefined index:  Detalle in [APP/views/detalles/existencia.ctp, line 9]
2009-06-25 20:10:49 Notice: Notice (8): Undefined index:  Encabezado in [APP/views/detalles/existencia.ctp, line 14]
2009-06-25 20:10:49 Notice: Notice (8): Undefined index:  Producto in [APP/views/detalles/existencia.ctp, line 19]
2009-06-25 20:10:49 Notice: Notice (8): Undefined index:  Detalle in [APP/views/detalles/existencia.ctp, line 24]
2009-06-25 20:10:49 Notice: Notice (8): Undefined index:  Detalle in [APP/views/detalles/existencia.ctp, line 29]
2009-06-25 20:10:49 Notice: Notice (8): Undefined index:  Detalle in [APP/views/detalles/existencia.ctp, line 36]
2009-06-25 20:10:49 Notice: Notice (8): Undefined index:  Detalle in [APP/views/detalles/existencia.ctp, line 37]
2009-06-25 20:10:50 Notice: Notice (8): Undefined index:  Detalle in [APP/views/detalles/existencia.ctp, line 9]
2009-06-25 20:10:50 Notice: Notice (8): Undefined index:  Encabezado in [APP/views/detalles/existencia.ctp, line 14]
2009-06-25 20:10:50 Notice: Notice (8): Undefined index:  Producto in [APP/views/detalles/existencia.ctp, line 19]
2009-06-25 20:10:50 Notice: Notice (8): Undefined index:  Detalle in [APP/views/detalles/existencia.ctp, line 24]
2009-06-25 20:10:50 Notice: Notice (8): Undefined index:  Detalle in [APP/views/detalles/existencia.ctp, line 29]
2009-06-25 20:10:50 Notice: Notice (8): Undefined index:  Detalle in [APP/views/detalles/existencia.ctp, line 36]
2009-06-25 20:10:50 Notice: Notice (8): Undefined index:  Detalle in [APP/views/detalles/existencia.ctp, line 37]
2009-06-25 20:11:26 Notice: Notice (8): Undefined index:  Detalle in [APP/views/detalles/existencia.ctp, line 9]
2009-06-25 20:11:26 Notice: Notice (8): Undefined index:  Encabezado in [APP/views/detalles/existencia.ctp, line 14]
2009-06-25 20:11:26 Notice: Notice (8): Undefined index:  Producto in [APP/views/detalles/existencia.ctp, line 19]
2009-06-25 20:11:26 Notice: Notice (8): Undefined index:  Detalle in [APP/views/detalles/existencia.ctp, line 24]
2009-06-25 20:11:26 Notice: Notice (8): Undefined index:  Detalle in [APP/views/detalles/existencia.ctp, line 29]
2009-06-25 20:11:26 Notice: Notice (8): Undefined index:  Detalle in [APP/views/detalles/existencia.ctp, line 36]
2009-06-25 20:11:26 Notice: Notice (8): Undefined index:  Detalle in [APP/views/detalles/existencia.ctp, line 37]
2009-06-25 20:11:27 Notice: Notice (8): Undefined index:  Detalle in [APP/views/detalles/existencia.ctp, line 9]
2009-06-25 20:11:27 Notice: Notice (8): Undefined index:  Encabezado in [APP/views/detalles/existencia.ctp, line 14]
2009-06-25 20:11:27 Notice: Notice (8): Undefined index:  Producto in [APP/views/detalles/existencia.ctp, line 19]
2009-06-25 20:11:27 Notice: Notice (8): Undefined index:  Detalle in [APP/views/detalles/existencia.ctp, line 24]
2009-06-25 20:11:27 Notice: Notice (8): Undefined index:  Detalle in [APP/views/detalles/existencia.ctp, line 29]
2009-06-25 20:11:27 Notice: Notice (8): Undefined index:  Detalle in [APP/views/detalles/existencia.ctp, line 36]
2009-06-25 20:11:27 Notice: Notice (8): Undefined index:  Detalle in [APP/views/detalles/existencia.ctp, line 37]
2009-06-25 20:11:27 Notice: Notice (8): Undefined index:  Detalle in [APP/views/detalles/existencia.ctp, line 9]
2009-06-25 20:11:27 Notice: Notice (8): Undefined index:  Encabezado in [APP/views/detalles/existencia.ctp, line 14]
2009-06-25 20:11:27 Notice: Notice (8): Undefined index:  Producto in [APP/views/detalles/existencia.ctp, line 19]
2009-06-25 20:11:27 Notice: Notice (8): Undefined index:  Detalle in [APP/views/detalles/existencia.ctp, line 24]
2009-06-25 20:11:27 Notice: Notice (8): Undefined index:  Detalle in [APP/views/detalles/existencia.ctp, line 29]
2009-06-25 20:11:27 Notice: Notice (8): Undefined index:  Detalle in [APP/views/detalles/existencia.ctp, line 36]
2009-06-25 20:11:27 Notice: Notice (8): Undefined index:  Detalle in [APP/views/detalles/existencia.ctp, line 37]
2009-06-25 20:11:28 Notice: Notice (8): Undefined index:  Detalle in [APP/views/detalles/existencia.ctp, line 9]
2009-06-25 20:11:28 Notice: Notice (8): Undefined index:  Encabezado in [APP/views/detalles/existencia.ctp, line 14]
2009-06-25 20:11:28 Notice: Notice (8): Undefined index:  Producto in [APP/views/detalles/existencia.ctp, line 19]
2009-06-25 20:11:28 Notice: Notice (8): Undefined index:  Detalle in [APP/views/detalles/existencia.ctp, line 24]
2009-06-25 20:11:28 Notice: Notice (8): Undefined index:  Detalle in [APP/views/detalles/existencia.ctp, line 29]
2009-06-25 20:11:28 Notice: Notice (8): Undefined index:  Detalle in [APP/views/detalles/existencia.ctp, line 36]
2009-06-25 20:11:28 Notice: Notice (8): Undefined index:  Detalle in [APP/views/detalles/existencia.ctp, line 37]
2009-06-25 20:11:28 Notice: Notice (8): Undefined index:  Detalle in [APP/views/detalles/existencia.ctp, line 9]
2009-06-25 20:11:28 Notice: Notice (8): Undefined index:  Encabezado in [APP/views/detalles/existencia.ctp, line 14]
2009-06-25 20:11:28 Notice: Notice (8): Undefined index:  Producto in [APP/views/detalles/existencia.ctp, line 19]
2009-06-25 20:11:28 Notice: Notice (8): Undefined index:  Detalle in [APP/views/detalles/existencia.ctp, line 24]
2009-06-25 20:11:28 Notice: Notice (8): Undefined index:  Detalle in [APP/views/detalles/existencia.ctp, line 29]
2009-06-25 20:11:28 Notice: Notice (8): Undefined index:  Detalle in [APP/views/detalles/existencia.ctp, line 36]
2009-06-25 20:11:28 Notice: Notice (8): Undefined index:  Detalle in [APP/views/detalles/existencia.ctp, line 37]
2009-06-25 20:11:29 Notice: Notice (8): Undefined index:  Detalle in [APP/views/detalles/existencia.ctp, line 9]
2009-06-25 20:11:29 Notice: Notice (8): Undefined index:  Encabezado in [APP/views/detalles/existencia.ctp, line 14]
2009-06-25 20:11:29 Notice: Notice (8): Undefined index:  Producto in [APP/views/detalles/existencia.ctp, line 19]
2009-06-25 20:11:29 Notice: Notice (8): Undefined index:  Detalle in [APP/views/detalles/existencia.ctp, line 24]
2009-06-25 20:11:29 Notice: Notice (8): Undefined index:  Detalle in [APP/views/detalles/existencia.ctp, line 29]
2009-06-25 20:11:29 Notice: Notice (8): Undefined index:  Detalle in [APP/views/detalles/existencia.ctp, line 36]
2009-06-25 20:11:29 Notice: Notice (8): Undefined index:  Detalle in [APP/views/detalles/existencia.ctp, line 37]
2009-06-25 20:28:47 Notice: Notice (8): Undefined variable: detalles in [APP/views/detalles/existencia.ctp, line 3]
2009-06-25 20:28:48 Notice: Notice (8): Undefined variable: detalles in [APP/views/detalles/existencia.ctp, line 3]
2009-06-25 20:28:49 Notice: Notice (8): Undefined variable: detalles in [APP/views/detalles/existencia.ctp, line 3]
2009-06-25 20:28:50 Notice: Notice (8): Undefined variable: detalles in [APP/views/detalles/existencia.ctp, line 3]
2009-06-25 20:28:50 Notice: Notice (8): Undefined variable: detalles in [APP/views/detalles/existencia.ctp, line 3]
2009-06-25 20:28:51 Notice: Notice (8): Undefined variable: detalles in [APP/views/detalles/existencia.ctp, line 3]
2009-06-25 20:28:52 Notice: Notice (8): Undefined variable: detalles in [APP/views/detalles/existencia.ctp, line 3]
2009-06-25 20:28:53 Notice: Notice (8): Undefined variable: detalles in [APP/views/detalles/existencia.ctp, line 3]
2009-06-30 21:04:26 Notice: Notice (8): Undefined variable: paginator in [APP/views/productos/index.ctp, line 5]
2009-06-30 21:04:27 Notice: Notice (8): Undefined variable: paginator in [APP/views/productos/index.ctp, line 5]
2009-06-30 21:04:28 Notice: Notice (8): Undefined variable: paginator in [APP/views/productos/index.ctp, line 5]
2009-06-30 21:08:11 Notice: Notice (8): Undefined variable: productos in [APP/views/productos/index.ctp, line 7]
2009-06-30 21:08:11 Notice: Notice (8): Undefined variable: paginator in [APP/views/productos/index.ctp, line 33]
2009-06-30 21:08:12 Notice: Notice (8): Undefined variable: productos in [APP/views/productos/index.ctp, line 7]
2009-06-30 21:08:12 Notice: Notice (8): Undefined variable: paginator in [APP/views/productos/index.ctp, line 33]
2009-06-30 21:08:12 Notice: Notice (8): Undefined variable: productos in [APP/views/productos/index.ctp, line 7]
2009-06-30 21:08:12 Notice: Notice (8): Undefined variable: paginator in [APP/views/productos/index.ctp, line 33]
2009-06-30 21:09:01 Notice: Notice (8): Undefined variable: productos in [APP/views/productos/index.ctp, line 3]
2009-06-30 21:09:01 Notice: Notice (8): Undefined variable: productos in [APP/views/productos/index.ctp, line 7]
2009-06-30 21:09:01 Notice: Notice (8): Undefined variable: paginator in [APP/views/productos/index.ctp, line 33]
2009-06-30 21:09:01 Notice: Notice (8): Undefined variable: productos in [APP/views/productos/index.ctp, line 3]
2009-06-30 21:09:01 Notice: Notice (8): Undefined variable: productos in [APP/views/productos/index.ctp, line 7]
2009-06-30 21:09:01 Notice: Notice (8): Undefined variable: paginator in [APP/views/productos/index.ctp, line 33]
2009-06-30 21:09:30 Notice: Notice (8): Undefined index:  Linea in [APP/views/productos/index.ctp, line 18]
2009-06-30 21:09:30 Notice: Notice (8): Undefined variable: paginator in [APP/views/productos/index.ctp, line 33]
2009-06-30 21:11:37 Notice: Notice (8): Undefined index:  Linea in [APP/views/productos/index.ctp, line 18]
2009-06-30 21:11:37 Notice: Notice (8): Undefined variable: paginator in [APP/views/productos/index.ctp, line 36]
2009-06-30 21:12:44 Notice: Notice (8): Undefined index:  Linea in [APP/views/productos/index.ctp, line 18]
2009-06-30 21:12:44 Notice: Notice (8): Undefined variable: paginator in [APP/views/productos/index.ctp, line 36]
2009-06-30 21:12:46 Notice: Notice (8): Undefined index:  Linea in [APP/views/productos/index.ctp, line 18]
2009-06-30 21:12:46 Notice: Notice (8): Undefined variable: paginator in [APP/views/productos/index.ctp, line 36]
2009-06-30 21:12:47 Notice: Notice (8): Undefined index:  Linea in [APP/views/productos/index.ctp, line 18]
2009-06-30 21:12:47 Notice: Notice (8): Undefined variable: paginator in [APP/views/productos/index.ctp, line 36]
2009-06-30 21:19:31 Notice: Notice (8): Undefined variable: paginator in [APP/views/productos/index.ctp, line 36]
2009-06-30 21:19:32 Notice: Notice (8): Undefined variable: paginator in [APP/views/productos/index.ctp, line 36]
2009-06-30 21:23:26 Notice: Notice (8): Undefined index:  Linea in [APP/views/productos/index.ctp, line 18]
2009-06-30 21:23:26 Notice: Notice (8): Undefined variable: paginator in [APP/views/productos/index.ctp, line 36]
2009-06-30 21:24:35 Notice: Notice (8): Undefined index:  linea in [APP/views/productos/index.ctp, line 18]
2009-06-30 21:24:35 Notice: Notice (8): Undefined index:  Linea in [APP/views/productos/index.ctp, line 18]
2009-06-30 21:24:35 Notice: Notice (8): Undefined variable: paginator in [APP/views/productos/index.ctp, line 36]
2009-06-30 21:24:36 Notice: Notice (8): Undefined index:  linea in [APP/views/productos/index.ctp, line 18]
2009-06-30 21:24:36 Notice: Notice (8): Undefined index:  Linea in [APP/views/productos/index.ctp, line 18]
2009-06-30 21:24:36 Notice: Notice (8): Undefined variable: paginator in [APP/views/productos/index.ctp, line 36]
2009-06-30 21:24:36 Notice: Notice (8): Undefined index:  linea in [APP/views/productos/index.ctp, line 18]
2009-06-30 21:24:36 Notice: Notice (8): Undefined index:  Linea in [APP/views/productos/index.ctp, line 18]
2009-06-30 21:24:36 Notice: Notice (8): Undefined variable: paginator in [APP/views/productos/index.ctp, line 36]
2009-06-30 21:24:37 Notice: Notice (8): Undefined index:  linea in [APP/views/productos/index.ctp, line 18]
2009-06-30 21:24:37 Notice: Notice (8): Undefined index:  Linea in [APP/views/productos/index.ctp, line 18]
2009-06-30 21:24:37 Notice: Notice (8): Undefined variable: paginator in [APP/views/productos/index.ctp, line 36]
2009-06-30 21:24:38 Notice: Notice (8): Undefined index:  linea in [APP/views/productos/index.ctp, line 18]
2009-06-30 21:24:38 Notice: Notice (8): Undefined index:  Linea in [APP/views/productos/index.ctp, line 18]
2009-06-30 21:24:38 Notice: Notice (8): Undefined variable: paginator in [APP/views/productos/index.ctp, line 36]
2009-06-30 21:24:38 Notice: Notice (8): Undefined index:  linea in [APP/views/productos/index.ctp, line 18]
2009-06-30 21:24:38 Notice: Notice (8): Undefined index:  Linea in [APP/views/productos/index.ctp, line 18]
2009-06-30 21:24:38 Notice: Notice (8): Undefined variable: paginator in [APP/views/productos/index.ctp, line 36]
2009-06-30 21:24:38 Notice: Notice (8): Undefined index:  linea in [APP/views/productos/index.ctp, line 18]
2009-06-30 21:24:38 Notice: Notice (8): Undefined index:  Linea in [APP/views/productos/index.ctp, line 18]
2009-06-30 21:24:38 Notice: Notice (8): Undefined variable: paginator in [APP/views/productos/index.ctp, line 36]
2009-06-30 21:24:38 Notice: Notice (8): Undefined index:  linea in [APP/views/productos/index.ctp, line 18]
2009-06-30 21:24:38 Notice: Notice (8): Undefined index:  Linea in [APP/views/productos/index.ctp, line 18]
2009-06-30 21:24:39 Notice: Notice (8): Undefined variable: paginator in [APP/views/productos/index.ctp, line 36]
2009-06-30 21:25:07 Notice: Notice (8): Undefined index:  linea in [APP/views/productos/index.ctp, line 18]
2009-06-30 21:25:07 Notice: Notice (8): Undefined index:  Linea in [APP/views/productos/index.ctp, line 18]
2009-06-30 21:25:07 Notice: Notice (8): Undefined variable: paginator in [APP/views/productos/index.ctp, line 36]
2009-06-30 21:25:52 Notice: Notice (8): Undefined index:  linea in [APP/views/productos/index.ctp, line 18]
2009-06-30 21:25:52 Notice: Notice (8): Undefined index:  Linea in [APP/views/productos/index.ctp, line 18]
2009-06-30 21:25:52 Notice: Notice (8): Undefined variable: paginator in [APP/views/productos/index.ctp, line 36]
2009-06-30 21:27:38 Notice: Notice (8): Undefined index:  Lineas in [APP/views/productos/index.ctp, line 18]
2009-06-30 21:27:38 Notice: Notice (8): Undefined variable: paginator in [APP/views/productos/index.ctp, line 36]
2009-06-30 21:27:57 Notice: Notice (8): Undefined index:  Linea in [APP/views/productos/index.ctp, line 18]
2009-06-30 21:27:57 Notice: Notice (8): Undefined variable: paginator in [APP/views/productos/index.ctp, line 36]
2009-06-30 21:28:09 Notice: Notice (8): Undefined index:  Linea in [APP/views/productos/index.ctp, line 18]
2009-06-30 21:28:09 Notice: Notice (8): Undefined variable: paginator in [APP/views/productos/index.ctp, line 36]
2009-06-30 21:28:33 Notice: Notice (8): Undefined index:  nombre in [APP/views/productos/index.ctp, line 18]
2009-06-30 21:28:33 Notice: Notice (8): Undefined variable: paginator in [APP/views/productos/index.ctp, line 36]
2009-06-30 21:29:12 Notice: Notice (8): Undefined variable: paginator in [APP/views/productos/index.ctp, line 36]
2009-06-30 21:31:10 Notice: Notice (8): Undefined variable: paginator in [APP/views/productos/index.ctp, line 42]
2009-06-30 21:35:28 Notice: Notice (8): Undefined variable: paginator in [APP/views/productos/index.ctp, line 44]
2009-07-13 10:26:55 Notice: Notice (8): Undefined index:  Empresa in [APP/views/empresas/lista.ctp, line 12]
2009-07-13 10:30:40 Notice: Notice (8): Undefined index:  Empresa in [APP/views/empresas/lista.ctp, line 12]
2009-07-13 10:30:42 Notice: Notice (8): Undefined index:  Empresa in [APP/views/empresas/lista.ctp, line 12]
2009-07-13 10:31:24 Notice: Notice (8): Undefined index:  Empresa in [APP/views/empresas/lista.ctp, line 1]
2009-07-13 10:31:24 Notice: Notice (8): Undefined index:  Empresa in [APP/views/empresas/lista.ctp, line 12]
2009-07-13 10:31:42 Notice: Notice (8): Undefined index:  Empresa in [APP/views/empresas/lista.ctp, line 12]
2009-07-13 10:32:12 Notice: Notice (8): Undefined index:  Empresa in [APP/views/empresas/lista.ctp, line 12]
2009-07-13 10:32:12 Notice: Notice (8): Undefined index:  Empresa in [APP/views/empresas/lista.ctp, line 12]
2009-07-13 10:34:52 Notice: Notice (8): Undefined variable: detalle in [APP/views/empresas/lista.ctp, line 23]
2009-07-13 10:34:52 Notice: Notice (8): Undefined variable: detalle in [APP/views/empresas/lista.ctp, line 24]
2009-07-13 10:34:52 Notice: Notice (8): Undefined variable: detalle in [APP/views/empresas/lista.ctp, line 25]
2009-07-13 10:35:32 Notice: Notice (8): Undefined variable: detalle in [APP/views/empresas/lista.ctp, line 23]
2009-07-14 14:59:16 Notice: Notice (8): Undefined index:  nombre in [APP/views/empresas/lista.ctp, line 25]
2009-07-14 14:59:45 Notice: Notice (8): Undefined index:  Bodega in [APP/views/empresas/lista.ctp, line 25]
2009-07-14 15:52:11 Notice: Notice (8): Undefined variable: empresa in [APP/views/bodegas/existencia.ctp, line 1]
2009-07-14 15:52:23 Notice: Notice (8): Undefined variable: empresas in [APP/views/bodegas/existencia.ctp, line 1]
2009-07-14 15:52:35 Notice: Notice (8): Undefined variable: bodegas in [APP/views/bodegas/existencia.ctp, line 1]
2009-07-14 15:52:36 Notice: Notice (8): Undefined variable: bodegas in [APP/views/bodegas/existencia.ctp, line 1]
